mode: set
bnb-booking/internal/handlers/handlers.go:30.62,35.2 1 0
bnb-booking/internal/handlers/handlers.go:38.51,43.2 1 1
bnb-booking/internal/handlers/handlers.go:46.33,48.2 1 1
bnb-booking/internal/handlers/handlers.go:51.67,53.2 1 0
bnb-booking/internal/handlers/handlers.go:56.68,59.2 1 0
bnb-booking/internal/handlers/handlers.go:62.71,64.2 1 0
bnb-booking/internal/handlers/handlers.go:67.69,69.2 1 0
bnb-booking/internal/handlers/handlers.go:72.74,74.9 2 1
bnb-booking/internal/handlers/handlers.go:74.9,77.3 2 0
bnb-booking/internal/handlers/handlers.go:79.2,80.16 2 1
bnb-booking/internal/handlers/handlers.go:80.16,83.3 2 0
bnb-booking/internal/handlers/handlers.go:85.2,103.4 10 1
bnb-booking/internal/handlers/handlers.go:107.78,109.9 2 0
bnb-booking/internal/handlers/handlers.go:109.9,112.3 2 0
bnb-booking/internal/handlers/handlers.go:114.2,115.16 2 0
bnb-booking/internal/handlers/handlers.go:115.16,118.3 2 0
bnb-booking/internal/handlers/handlers.go:143.2,165.19 9 0
bnb-booking/internal/handlers/handlers.go:165.19,174.3 4 0
bnb-booking/internal/handlers/handlers.go:177.2,178.16 2 0
bnb-booking/internal/handlers/handlers.go:178.16,181.3 2 0
bnb-booking/internal/handlers/handlers.go:183.2,192.16 3 0
bnb-booking/internal/handlers/handlers.go:192.16,195.3 2 0
bnb-booking/internal/handlers/handlers.go:197.2,199.66 2 0
bnb-booking/internal/handlers/handlers.go:203.70,205.2 1 0
bnb-booking/internal/handlers/handlers.go:208.75,210.2 1 0
bnb-booking/internal/handlers/handlers.go:213.79,219.16 5 0
bnb-booking/internal/handlers/handlers.go:219.16,222.3 2 0
bnb-booking/internal/handlers/handlers.go:223.2,224.16 2 0
bnb-booking/internal/handlers/handlers.go:224.16,227.3 2 0
bnb-booking/internal/handlers/handlers.go:229.2,230.16 2 0
bnb-booking/internal/handlers/handlers.go:230.16,233.3 2 0
bnb-booking/internal/handlers/handlers.go:239.2,239.21 1 0
bnb-booking/internal/handlers/handlers.go:239.21,243.3 2 0
bnb-booking/internal/handlers/handlers.go:245.2,257.4 5 0
bnb-booking/internal/handlers/handlers.go:269.79,290.16 10 0
bnb-booking/internal/handlers/handlers.go:290.16,293.3 2 0
bnb-booking/internal/handlers/handlers.go:295.2,296.14 2 0
bnb-booking/internal/handlers/handlers.go:300.81,303.9 2 0
bnb-booking/internal/handlers/handlers.go:303.9,308.3 4 0
bnb-booking/internal/handlers/handlers.go:310.2,324.4 9 0
bnb-booking/internal/handlers/handlers.go:328.73,330.16 2 0
bnb-booking/internal/handlers/handlers.go:330.16,333.3 2 0
bnb-booking/internal/handlers/handlers.go:335.2,336.9 2 0
bnb-booking/internal/handlers/handlers.go:336.9,339.3 2 0
bnb-booking/internal/handlers/handlers.go:341.2,345.63 3 0
bnb-booking/internal/handlers/handlers.go:349.71,362.16 9 0
bnb-booking/internal/handlers/handlers.go:362.16,365.3 2 0
bnb-booking/internal/handlers/handlers.go:367.2,374.63 6 0
