mode: set
bnb-booking/internal/render/render.go:22.40,24.2 1 1
bnb-booking/internal/render/render.go:27.84,33.2 5 1
bnb-booking/internal/render/render.go:36.105,38.18 2 1
bnb-booking/internal/render/render.go:38.18,41.3 1 0
bnb-booking/internal/render/render.go:41.8,45.3 1 1
bnb-booking/internal/render/render.go:48.2,49.9 2 1
bnb-booking/internal/render/render.go:49.9,51.3 1 1
bnb-booking/internal/render/render.go:54.2,59.16 4 1
bnb-booking/internal/render/render.go:59.16,61.3 1 0
bnb-booking/internal/render/render.go:64.2,65.16 2 1
bnb-booking/internal/render/render.go:65.16,68.3 2 0
bnb-booking/internal/render/render.go:70.2,70.12 1 1
bnb-booking/internal/render/render.go:74.67,80.16 3 1
bnb-booking/internal/render/render.go:80.16,82.3 1 0
bnb-booking/internal/render/render.go:85.2,85.29 1 1
bnb-booking/internal/render/render.go:85.29,88.17 3 1
bnb-booking/internal/render/render.go:88.17,90.4 1 0
bnb-booking/internal/render/render.go:92.3,93.17 2 1
bnb-booking/internal/render/render.go:93.17,95.4 1 0
bnb-booking/internal/render/render.go:97.3,97.23 1 1
bnb-booking/internal/render/render.go:97.23,99.18 2 1
bnb-booking/internal/render/render.go:99.18,101.5 1 0
bnb-booking/internal/render/render.go:104.3,104.21 1 1
bnb-booking/internal/render/render.go:107.2,107.21 1 1
