mode: set
bnb-booking/internal/handlers/handlers.go:30.62,35.2 1 0
bnb-booking/internal/handlers/handlers.go:38.51,43.2 1 1
bnb-booking/internal/handlers/handlers.go:46.33,48.2 1 1
bnb-booking/internal/handlers/handlers.go:51.67,53.2 1 0
bnb-booking/internal/handlers/handlers.go:56.68,59.2 1 0
bnb-booking/internal/handlers/handlers.go:62.71,64.2 1 0
bnb-booking/internal/handlers/handlers.go:67.69,69.2 1 0
bnb-booking/internal/handlers/handlers.go:72.74,74.9 2 1
bnb-booking/internal/handlers/handlers.go:74.9,78.3 3 1
bnb-booking/internal/handlers/handlers.go:80.2,81.16 2 1
bnb-booking/internal/handlers/handlers.go:81.16,85.3 3 1
bnb-booking/internal/handlers/handlers.go:87.2,105.4 10 1
bnb-booking/internal/handlers/handlers.go:109.78,111.9 2 0
bnb-booking/internal/handlers/handlers.go:111.9,114.3 2 0
bnb-booking/internal/handlers/handlers.go:116.2,117.16 2 0
bnb-booking/internal/handlers/handlers.go:117.16,120.3 2 0
bnb-booking/internal/handlers/handlers.go:145.2,167.19 9 0
bnb-booking/internal/handlers/handlers.go:167.19,176.3 4 0
bnb-booking/internal/handlers/handlers.go:179.2,180.16 2 0
bnb-booking/internal/handlers/handlers.go:180.16,183.3 2 0
bnb-booking/internal/handlers/handlers.go:185.2,194.16 3 0
bnb-booking/internal/handlers/handlers.go:194.16,197.3 2 0
bnb-booking/internal/handlers/handlers.go:199.2,201.66 2 0
bnb-booking/internal/handlers/handlers.go:205.70,207.2 1 0
bnb-booking/internal/handlers/handlers.go:210.75,212.2 1 0
bnb-booking/internal/handlers/handlers.go:215.79,221.16 5 0
bnb-booking/internal/handlers/handlers.go:221.16,224.3 2 0
bnb-booking/internal/handlers/handlers.go:225.2,226.16 2 0
bnb-booking/internal/handlers/handlers.go:226.16,229.3 2 0
bnb-booking/internal/handlers/handlers.go:231.2,232.16 2 0
bnb-booking/internal/handlers/handlers.go:232.16,235.3 2 0
bnb-booking/internal/handlers/handlers.go:241.2,241.21 1 0
bnb-booking/internal/handlers/handlers.go:241.21,245.3 2 0
bnb-booking/internal/handlers/handlers.go:247.2,259.4 5 0
bnb-booking/internal/handlers/handlers.go:271.79,292.16 10 0
bnb-booking/internal/handlers/handlers.go:292.16,295.3 2 0
bnb-booking/internal/handlers/handlers.go:297.2,298.14 2 0
bnb-booking/internal/handlers/handlers.go:302.81,305.9 2 0
bnb-booking/internal/handlers/handlers.go:305.9,310.3 4 0
bnb-booking/internal/handlers/handlers.go:312.2,326.4 9 0
bnb-booking/internal/handlers/handlers.go:330.73,332.16 2 0
bnb-booking/internal/handlers/handlers.go:332.16,335.3 2 0
bnb-booking/internal/handlers/handlers.go:337.2,338.9 2 0
bnb-booking/internal/handlers/handlers.go:338.9,341.3 2 0
bnb-booking/internal/handlers/handlers.go:343.2,347.63 3 0
bnb-booking/internal/handlers/handlers.go:351.71,364.16 9 0
bnb-booking/internal/handlers/handlers.go:364.16,367.3 2 0
bnb-booking/internal/handlers/handlers.go:369.2,376.63 6 0
